C:\USERS\GOKDERE\DOCUMENTS\VISUAL STUDIO 2010\PROJECTS\TEXT EDITOR PROGRAM\DEBUG\TEXT EDITOR PROGRAM.EXE
C:\USERS\GOKDERE\DOCUMENTS\VISUAL STUDIO 2010\PROJECTS\TEXT EDITOR PROGRAM\DEBUG\TEXT EDITOR PROGRAM.ILK
C:\USERS\GOKDERE\DOCUMENTS\VISUAL STUDIO 2010\PROJECTS\TEXT EDITOR PROGRAM\DEBUG\TEXT EDITOR PROGRAM.PDB
C:\USERS\GOKDERE\DOCUMENTS\VISUAL STUDIO 2010\PROJECTS\TEXT EDITOR PROGRAM\TEXT EDITOR PROGRAM\DEBUG\EDITOR.OBJ
C:\USERS\GOKDERE\DOCUMENTS\VISUAL STUDIO 2010\PROJECTS\TEXT EDITOR PROGRAM\TEXT EDITOR PROGRAM\DEBUG\TEXT EDITOR PROGRAM.EXE.EMBED.MANIFEST
C:\USERS\GOKDERE\DOCUMENTS\VISUAL STUDIO 2010\PROJECTS\TEXT EDITOR PROGRAM\TEXT EDITOR PROGRAM\DEBUG\TEXT EDITOR PROGRAM.EXE.EMBED.MANIFEST.RES
C:\USERS\GOKDERE\DOCUMENTS\VISUAL STUDIO 2010\PROJECTS\TEXT EDITOR PROGRAM\TEXT EDITOR PROGRAM\DEBUG\TEXT EDITOR PROGRAM.EXE.INTERMEDIATE.MANIFEST
C:\USERS\GOKDERE\DOCUMENTS\VISUAL STUDIO 2010\PROJECTS\TEXT EDITOR PROGRAM\TEXT EDITOR PROGRAM\DEBUG\VC100.PDB
F:\CEN133-SOFTWARE ENGINEER\PROJECTS\TEXT EDITOR PROGRAM\DEBUG\TEXT EDITOR PROGRAM.EXE
F:\CEN133-SOFTWARE ENGINEER\PROJECTS\TEXT EDITOR PROGRAM\Debug\TEXT EDITOR PROGRAM.ilk
F:\CEN133-SOFTWARE ENGINEER\PROJECTS\TEXT EDITOR PROGRAM\DEBUG\TEXT EDITOR PROGRAM.PDB
F:\CEN133-SOFTWARE ENGINEER\PROJECTS\TEXT EDITOR PROGRAM\TEXT EDITOR PROGRAM\Debug\cl.command.1.tlog
F:\CEN133-SOFTWARE ENGINEER\PROJECTS\TEXT EDITOR PROGRAM\TEXT EDITOR PROGRAM\Debug\CL.read.1.tlog
F:\CEN133-SOFTWARE ENGINEER\PROJECTS\TEXT EDITOR PROGRAM\TEXT EDITOR PROGRAM\Debug\CL.write.1.tlog
F:\CEN133-SOFTWARE ENGINEER\PROJECTS\TEXT EDITOR PROGRAM\TEXT EDITOR PROGRAM\Debug\editor.obj
F:\CEN133-SOFTWARE ENGINEER\PROJECTS\TEXT EDITOR PROGRAM\TEXT EDITOR PROGRAM\Debug\link.452.read.1.tlog
F:\CEN133-SOFTWARE ENGINEER\PROJECTS\TEXT EDITOR PROGRAM\TEXT EDITOR PROGRAM\Debug\link.452.write.1.tlog
F:\CEN133-SOFTWARE ENGINEER\PROJECTS\TEXT EDITOR PROGRAM\TEXT EDITOR PROGRAM\Debug\link.452-cvtres.read.1.tlog
F:\CEN133-SOFTWARE ENGINEER\PROJECTS\TEXT EDITOR PROGRAM\TEXT EDITOR PROGRAM\Debug\link.452-cvtres.write.1.tlog
F:\CEN133-SOFTWARE ENGINEER\PROJECTS\TEXT EDITOR PROGRAM\TEXT EDITOR PROGRAM\Debug\link.4884.read.1.tlog
F:\CEN133-SOFTWARE ENGINEER\PROJECTS\TEXT EDITOR PROGRAM\TEXT EDITOR PROGRAM\Debug\link.4884.write.1.tlog
F:\CEN133-SOFTWARE ENGINEER\PROJECTS\TEXT EDITOR PROGRAM\TEXT EDITOR PROGRAM\Debug\link.4884-cvtres.read.1.tlog
F:\CEN133-SOFTWARE ENGINEER\PROJECTS\TEXT EDITOR PROGRAM\TEXT EDITOR PROGRAM\Debug\link.4884-cvtres.write.1.tlog
F:\CEN133-SOFTWARE ENGINEER\PROJECTS\TEXT EDITOR PROGRAM\TEXT EDITOR PROGRAM\Debug\link.command.1.tlog
F:\CEN133-SOFTWARE ENGINEER\PROJECTS\TEXT EDITOR PROGRAM\TEXT EDITOR PROGRAM\Debug\link.read.1.tlog
F:\CEN133-SOFTWARE ENGINEER\PROJECTS\TEXT EDITOR PROGRAM\TEXT EDITOR PROGRAM\Debug\link.write.1.tlog
F:\CEN133-SOFTWARE ENGINEER\PROJECTS\TEXT EDITOR PROGRAM\TEXT EDITOR PROGRAM\Debug\link-cvtres.read.1.tlog
F:\CEN133-SOFTWARE ENGINEER\PROJECTS\TEXT EDITOR PROGRAM\TEXT EDITOR PROGRAM\Debug\link-cvtres.write.1.tlog
F:\CEN133-SOFTWARE ENGINEER\PROJECTS\TEXT EDITOR PROGRAM\TEXT EDITOR PROGRAM\Debug\mt.command.1.tlog
F:\CEN133-SOFTWARE ENGINEER\PROJECTS\TEXT EDITOR PROGRAM\TEXT EDITOR PROGRAM\Debug\mt.read.1.tlog
F:\CEN133-SOFTWARE ENGINEER\PROJECTS\TEXT EDITOR PROGRAM\TEXT EDITOR PROGRAM\Debug\mt.write.1.tlog
F:\CEN133-SOFTWARE ENGINEER\PROJECTS\TEXT EDITOR PROGRAM\TEXT EDITOR PROGRAM\Debug\rc.command.1.tlog
F:\CEN133-SOFTWARE ENGINEER\PROJECTS\TEXT EDITOR PROGRAM\TEXT EDITOR PROGRAM\Debug\rc.read.1.tlog
F:\CEN133-SOFTWARE ENGINEER\PROJECTS\TEXT EDITOR PROGRAM\TEXT EDITOR PROGRAM\Debug\rc.write.1.tlog
F:\CEN133-SOFTWARE ENGINEER\PROJECTS\TEXT EDITOR PROGRAM\TEXT EDITOR PROGRAM\DEBUG\TEXT EDITOR PROGRAM.EXE.EMBED.MANIFEST.RES
F:\CEN133-SOFTWARE ENGINEER\PROJECTS\TEXT EDITOR PROGRAM\TEXT EDITOR PROGRAM\Debug\TEXT EDITOR PROGRAM.exe.embed.manifest
F:\CEN133-SOFTWARE ENGINEER\PROJECTS\TEXT EDITOR PROGRAM\TEXT EDITOR PROGRAM\Debug\TEXT EDITOR PROGRAM.exe.embed.manifest.res
F:\CEN133-SOFTWARE ENGINEER\PROJECTS\TEXT EDITOR PROGRAM\TEXT EDITOR PROGRAM\Debug\TEXT EDITOR PROGRAM.exe.intermediate.manifest
F:\CEN133-SOFTWARE ENGINEER\PROJECTS\TEXT EDITOR PROGRAM\TEXT EDITOR PROGRAM\Debug\TEXT EDITOR PROGRAM.vcxprojResolveAssemblyReference.cache
F:\CEN133-SOFTWARE ENGINEER\PROJECTS\TEXT EDITOR PROGRAM\TEXT EDITOR PROGRAM\Debug\TEXT EDITOR PROGRAM.write.1.tlog
F:\CEN133-SOFTWARE ENGINEER\PROJECTS\TEXT EDITOR PROGRAM\TEXT EDITOR PROGRAM\Debug\TEXT EDITOR PROGRAM_manifest.rc
F:\CEN133-SOFTWARE ENGINEER\PROJECTS\TEXT EDITOR PROGRAM\TEXT EDITOR PROGRAM\Debug\vc100.idb
F:\CEN133-SOFTWARE ENGINEER\PROJECTS\TEXT EDITOR PROGRAM\TEXT EDITOR PROGRAM\DEBUG\VC100.PDB
